<?xml version="1.0" encoding="UTF-8"?>
<!-- Generated by org.testng.reporters.JUnitReportReporter -->
<testsuite hostname="LP-5CD912CWSK" failures="0" tests="1" name="bookStore.GenerateToken" time="4.199" errors="0" timestamp="2020-05-20T16:39:58 IST" skipped="0">
  <testcase classname="bookStore.GenerateToken" name="generateToken" time="4.199"/>
  <system-out/>
</testsuite> <!-- bookStore.GenerateToken -->
