<?xml version="1.0" encoding="UTF-8"?>
<!-- Generated by org.testng.reporters.JUnitReportReporter -->
<testsuite hostname="LP-5CD912CWSK" failures="0" tests="1" name="bookStore.GetUserDetails" time="4.283" errors="0" timestamp="2020-05-20T16:12:20 IST" skipped="0">
  <testcase classname="bookStore.GetUserDetails" name="getUserDetails" time="4.283"/>
  <system-out/>
</testsuite> <!-- bookStore.GetUserDetails -->
