<?xml version="1.0" encoding="UTF-8"?>
<!-- Generated by org.testng.reporters.JUnitReportReporter -->
<testsuite hostname="LP-5CD912CWSK" failures="0" tests="1" name="bookStore.AuthorizedUser" time="2.942" errors="0" timestamp="2020-05-20T17:09:01 IST" skipped="0">
  <testcase classname="bookStore.AuthorizedUser" name="authorizedUser" time="2.942"/>
  <system-out/>
</testsuite> <!-- bookStore.AuthorizedUser -->
