<?xml version="1.0" encoding="UTF-8"?>
<!-- Generated by org.testng.reporters.JUnitReportReporter -->
<testsuite hostname="LP-5CD912CWSK" failures="0" tests="1" name="serverUrl.GetServerUrl" time="1.115" errors="0" timestamp="2020-05-19T15:51:16 IST" skipped="0">
  <testcase classname="serverUrl.GetServerUrl" name="getServerUrl" time="1.115"/>
  <system-out/>
</testsuite> <!-- serverUrl.GetServerUrl -->
