<?xml version="1.0" encoding="UTF-8"?>
<!-- Generated by org.testng.reporters.JUnitReportReporter -->
<testsuite hostname="LP-5CD912CWSK" failures="0" tests="1" name="utils.ReadFromJson" time="0.021" errors="0" timestamp="2020-05-19T15:17:48 IST" skipped="0">
  <testcase classname="utils.ReadFromJson" name="readJson" time="0.021"/>
  <system-out/>
</testsuite> <!-- utils.ReadFromJson -->
